<?xml version="1.0" encoding="UTF-8"?>
<Site BuildName="Win32-make"
	BuildStamp="20230621-1234-Experimental"
	Name="TristDesktop2"
	Generator="ctest-3.20.21032501-MSVC_2"
	CompilerName="C:/MinGW/bin/g++.exe"
	CompilerVersion="11.2.0"
	OSName="Windows"
	Hostname="Sade"
	OSRelease=" Personal"
	OSVersion=" (Build 22621)"
	OSPlatform="AMD64"
	Is64Bits="1"
	VendorString="GenuineIntel"
	VendorID="Intel Corporation"
	FamilyID="6"
	ModelID="12"
	ProcessorCacheSize="-1"
	NumberOfLogicalCPU="8"
	NumberOfPhysicalCPU="4"
	TotalVirtualMemory="32720"
	TotalPhysicalMemory="16106"
	LogicalProcessorsPerPhysical="2"
	ProcessorClockFrequency="1382"
	>
	<Testing>
		<StartDateTime>Jun 21 08:34 Cuba Daylight Time</StartDateTime>
		<StartTestTime>1687350863</StartTestTime>
		<TestList/>
		<EndDateTime>Jun 21 08:34 Cuba Daylight Time</EndDateTime>
		<EndTestTime>1687350863</EndTestTime>
		<ElapsedMinutes>0</ElapsedMinutes>
	</Testing>
</Site>
